[11:37:38] INFO [org.apache.directory.api.ldap.model.entry.AbstractValue] - ERR_04447_CANNOT_NORMALIZE_VALUE Cannot normalize the wrapped value ERR_04226 I do not know how to handle NameAndOptionalUID normalization with objects of class: uidNumber
[11:37:38] INFO [org.apache.directory.api.ldap.model.entry.AbstractValue] - ERR_04447_CANNOT_NORMALIZE_VALUE Cannot normalize the wrapped value ERR_04226 I do not know how to handle NameAndOptionalUID normalization with objects of class: gidNumber
[11:37:38] INFO [org.apache.directory.api.ldap.model.entry.AbstractValue] - ERR_04447_CANNOT_NORMALIZE_VALUE Cannot normalize the wrapped value ERR_04226 I do not know how to handle NameAndOptionalUID normalization with objects of class: uidNumber
[11:37:38] INFO [org.apache.directory.api.ldap.model.entry.AbstractValue] - ERR_04447_CANNOT_NORMALIZE_VALUE Cannot normalize the wrapped value ERR_04226 I do not know how to handle NameAndOptionalUID normalization with objects of class: sambaSID
[11:37:38] INFO [org.apache.directory.api.ldap.model.entry.AbstractValue] - ERR_04447_CANNOT_NORMALIZE_VALUE Cannot normalize the wrapped value ERR_04226 I do not know how to handle NameAndOptionalUID normalization with objects of class: sambaSID
[11:37:38] INFO [org.apache.directory.server.core.api.CacheService] - fetching the cache named alias
[11:37:38] INFO [org.apache.directory.server.core.api.CacheService] - fetching the cache named piar
[11:37:38] INFO [org.apache.directory.server.core.api.CacheService] - fetching the cache named entryDn
[11:37:38] INFO [org.apache.directory.server.core.api.CacheService] - fetching the cache named system
[11:37:38] INFO [org.apache.directory.server.core.api.CacheService] - No cache with name system exists, creating one
[11:37:38] INFO [org.apache.directory.server.core.api.CacheService] - fetching the cache named groupCache
[11:37:38] INFO [org.apache.directory.server.core.event.EventInterceptor] - Initializing ...
[11:37:38] INFO [org.apache.directory.server.core.event.EventInterceptor] - Initialization complete.
[11:37:38] WARN [org.apache.directory.server.core.DefaultDirectoryService] - You didn't change the admin password of directory service instance 'null'.  Please update the admin password as soon as possible to prevent a possible security breach.
[11:37:38] INFO [org.apache.directory.api.ldap.model.ldif.LdifReader] - No version information : assuming version: 1
[11:37:38] INFO [org.apache.directory.api.ldap.schema.manager.impl.DefaultSchemaManager] - Loading microsoft enabled schema: 
	Schema Name: microsoft
		Disabled: false
		Owner: 0.9.2342.19200300.100.1.1=admin,2.5.4.11=system
		Dependencies: []
		SchemaLoader : 
[11:37:38] INFO [org.apache.directory.api.ldap.schema.manager.impl.DefaultSchemaManager] - Loading microsoft enabled schema: 
	Schema Name: microsoft
		Disabled: false
		Owner: 0.9.2342.19200300.100.1.1=admin,2.5.4.11=system
		Dependencies: []
		SchemaLoader : 
[11:37:38] INFO [org.apache.directory.server.protocol.shared.store.LdifFileLoader] - Created cn=microsoft, ou=schema.
[11:37:38] INFO [org.apache.directory.server.protocol.shared.store.LdifFileLoader] - Created ou=attributetypes, cn=microsoft, ou=schema.
[11:37:38] INFO [org.apache.directory.server.protocol.shared.store.LdifFileLoader] - Created m-oid=1.2.840.113556.1.4.221, ou=attributetypes, cn=microsoft, ou=schema.
[11:37:39] INFO [org.apache.directory.server.protocol.shared.store.LdifFileLoader] - Created m-oid=1.2.840.113556.1.4.222, ou=attributetypes, cn=microsoft, ou=schema.
[11:37:39] INFO [org.apache.directory.server.protocol.shared.store.LdifFileLoader] - Created ou=objectclasses, cn=microsoft, ou=schema.
[11:37:39] INFO [org.apache.directory.server.protocol.shared.store.LdifFileLoader] - Created m-oid=1.2.840.113556.1.5.6, ou=objectclasses, cn=microsoft, ou=schema.
[11:37:39] INFO [org.apache.directory.server.protocol.shared.store.LdifFileLoader] - Found ou=attributetypes, cn=microsoft, ou=schema, will not create.
[11:37:39] INFO [org.apache.directory.server.protocol.shared.store.LdifFileLoader] - Found ou=objectclasses, cn=microsoft, ou=schema, will not create.
[11:37:39] INFO [org.apache.directory.server.protocol.shared.store.LdifFileLoader] - Created m-oid=1.2.840.113556.1.5.9, ou=objectclasses, cn=microsoft, ou=schema.
[11:37:39] INFO [com.krish.ead.server.EmbeddedADSVerM23] - Krish schema has been loaded with count 7
[11:37:39] INFO [org.apache.directory.server.core.api.CacheService] - fetching the cache named alias
[11:37:39] INFO [org.apache.directory.server.core.api.CacheService] - fetching the cache named piar
[11:37:39] INFO [org.apache.directory.server.core.api.CacheService] - fetching the cache named entryDn
[11:37:39] INFO [org.apache.directory.server.core.api.CacheService] - fetching the cache named jpmis
[11:37:39] INFO [org.apache.directory.server.core.api.CacheService] - No cache with name jpmis exists, creating one
[11:37:39] WARN [org.apache.directory.server.core.normalization.NormalizationInterceptor] - The Rdn 'dc=jpmis' is not present in the entry
[11:37:39] INFO [org.apache.directory.server.KERBEROS_LOG] - KeyDerivation Interceptor initialized
[11:37:39] WARN [org.apache.directory.server.core.normalization.NormalizationInterceptor] - The Rdn 'cn=directoryManagerReadOnlyAccessACI' is not present in the entry
[11:37:39] INFO [com.krish.directory.service.EadSchemaService] - Creating user with Cn: krish
[11:37:39] INFO [com.krish.directory.service.EadSchemaService] - Created user in the EAD krish
[11:37:39] INFO [com.krish.directory.service.EadSchemaService] - Creating Group with : ND-POC-ENG
[11:37:39] INFO [com.krish.directory.service.EadSchemaService] - Adding user with Cn: krish to group ND-POC-ENG
[11:37:39] INFO [com.krish.directory.service.EadSchemaService] - Creating user with Cn: jim
[11:37:39] INFO [com.krish.directory.service.EadSchemaService] - Created user in the EAD jim
[11:37:39] INFO [com.krish.directory.service.EadSchemaService] - Adding user with Cn: jim to group ND-POC-ENG
[11:37:39] INFO [com.krish.directory.service.EadSchemaService] - Creating user with Cn: chris
[11:37:39] INFO [com.krish.directory.service.EadSchemaService] - Created user in the EAD chris
[11:37:39] INFO [com.krish.directory.service.EadSchemaService] - Adding user with Cn: chris to group ND-POC-ENG
[11:37:39] INFO [com.krish.ead.server.EmbeddedADSVerM23] - Starting the Kerberos server
[11:37:39] INFO [com.krish.ead.server.EmbeddedADSVerM23] - Creating user with Cn: krbtgt
[11:37:39] INFO [com.krish.ead.server.EmbeddedADSVerM23] - Starting the Kerberos server KDCServer[Keydap Kerberos Service], listening on :
    TcpTransport[<null:6088>], backlog=50, nbThreads = 3]

[11:37:39] INFO [org.apache.directory.server.core.api.CacheService] - fetching the cache named kdcReplayCache
[11:37:39] INFO [org.apache.directory.server.kerberos.kdc.KdcServer] - Kerberos service started.
[11:37:39] INFO [com.krish.ead.server.EmbeddedADSVerM23] - Kerberos server: started in 36 milliseconds
[11:38:47] INFO [com.krish.ead.server.EADServer] - Shutdown thread called
[11:38:47] INFO [com.krish.ead.server.EADServer] - Stopping the service.
[11:38:47] INFO [org.apache.directory.server.core.api.CacheService] - clearing all the caches
[11:38:47] INFO [org.apache.directory.server.kerberos.kdc.KdcServer] - Kerberos service stopped.
[11:38:47] INFO [com.krish.ead.server.EADServer] - Service stopped successfully.
[11:39:51] INFO [com.krish.ead.server.EADServer] - Starting the service.
[11:39:51] INFO [org.apache.directory.api.ldap.codec.osgi.DefaultLdapCodecService] - Registered pre-bundled control factory: 1.3.6.1.4.1.18060.0.0.1
[11:39:51] INFO [org.apache.directory.api.ldap.codec.osgi.DefaultLdapCodecService] - Registered pre-bundled control factory: 2.16.840.1.113730.3.4.7
[11:39:51] INFO [org.apache.directory.api.ldap.codec.osgi.DefaultLdapCodecService] - Registered pre-bundled control factory: 2.16.840.1.113730.3.4.2
[11:39:51] INFO [org.apache.directory.api.ldap.codec.osgi.DefaultLdapCodecService] - Registered pre-bundled control factory: 2.16.840.1.113730.3.4.18
[11:39:51] INFO [org.apache.directory.api.ldap.codec.osgi.DefaultLdapCodecService] - Registered pre-bundled control factory: 1.2.840.113556.1.4.319
[11:39:51] INFO [org.apache.directory.api.ldap.codec.osgi.DefaultLdapCodecService] - Registered pre-bundled control factory: 2.16.840.1.113730.3.4.3
[11:39:51] INFO [org.apache.directory.api.ldap.codec.osgi.DefaultLdapCodecService] - Registered pre-bundled control factory: 1.3.6.1.4.1.4203.1.10.1
[11:39:51] INFO [org.apache.directory.api.ldap.codec.standalone.CodecFactoryUtil] - Registered pre-bundled control factory: 1.3.6.1.4.1.18060.0.0.1
[11:39:51] INFO [org.apache.directory.api.ldap.codec.standalone.CodecFactoryUtil] - Registered pre-bundled control factory: 2.16.840.1.113730.3.4.7
[11:39:51] INFO [org.apache.directory.api.ldap.codec.standalone.CodecFactoryUtil] - Registered pre-bundled control factory: 2.16.840.1.113730.3.4.2
[11:39:51] INFO [org.apache.directory.api.ldap.codec.standalone.CodecFactoryUtil] - Registered pre-bundled control factory: 2.16.840.1.113730.3.4.18
[11:39:51] INFO [org.apache.directory.api.ldap.codec.standalone.CodecFactoryUtil] - Registered pre-bundled control factory: 1.2.840.113556.1.4.319
[11:39:51] INFO [org.apache.directory.api.ldap.codec.standalone.CodecFactoryUtil] - Registered pre-bundled control factory: 2.16.840.1.113730.3.4.3
[11:39:51] INFO [org.apache.directory.api.ldap.codec.standalone.CodecFactoryUtil] - Registered pre-bundled control factory: 1.3.6.1.4.1.4203.1.10.1
[11:39:51] INFO [org.apache.directory.api.ldap.codec.standalone.CodecFactoryUtil] - Registered pre-bundled control factory: 1.3.6.1.4.1.42.2.27.8.5.1
[11:39:51] INFO [org.apache.directory.api.ldap.codec.standalone.CodecFactoryUtil] - Registered pre-bundled control factory: 2.16.840.1.113730.3.4.9
[11:39:51] INFO [org.apache.directory.api.ldap.codec.standalone.CodecFactoryUtil] - Registered pre-bundled control factory: 2.16.840.1.113730.3.4.10
[11:39:51] INFO [org.apache.directory.api.ldap.codec.standalone.CodecFactoryUtil] - Registered pre-bundled control factory: 1.3.6.1.4.1.4203.1.9.1.3
[11:39:51] INFO [org.apache.directory.api.ldap.codec.standalone.CodecFactoryUtil] - Registered pre-bundled control factory: 1.3.6.1.4.1.4203.1.9.1.4
[11:39:51] INFO [org.apache.directory.api.ldap.codec.standalone.CodecFactoryUtil] - Registered pre-bundled control factory: 1.3.6.1.4.1.4203.1.9.1.1
[11:39:51] INFO [org.apache.directory.api.ldap.codec.standalone.CodecFactoryUtil] - Registered pre-bundled control factory: 1.3.6.1.4.1.4203.1.9.1.2
[11:39:51] INFO [org.apache.directory.api.ldap.codec.standalone.CodecFactoryUtil] - Registered pre-bundled control factory: 1.2.840.113556.1.4.473
[11:39:51] INFO [org.apache.directory.api.ldap.codec.standalone.CodecFactoryUtil] - Registered pre-bundled control factory: 1.2.840.113556.1.4.474
[11:39:51] INFO [org.apache.directory.api.ldap.codec.standalone.CodecFactoryUtil] - Registered pre-bundled control factory: 1.2.840.113556.1.4.841
[11:39:51] INFO [org.apache.directory.api.ldap.codec.standalone.CodecFactoryUtil] - Registered pre-bundled control factory: 1.2.840.113556.1.4.417
[11:39:51] INFO [org.apache.directory.api.ldap.codec.standalone.CodecFactoryUtil] - Registered pre-bundled control factory: 1.2.840.113556.1.4.1413
[11:39:51] INFO [org.apache.directory.api.ldap.codec.standalone.CodecFactoryUtil] - Registered pre-bundled control factory: 1.2.840.113556.1.4.528
[11:39:51] INFO [org.apache.directory.api.ldap.codec.standalone.CodecFactoryUtil] - Registered pre-bundled extended operation factory: 1.3.6.1.1.8
[11:39:51] INFO [org.apache.directory.api.ldap.codec.standalone.CodecFactoryUtil] - Registered pre-bundled extended operation factory: 1.3.6.1.4.1.18060.0.1.8
[11:39:51] INFO [org.apache.directory.api.ldap.codec.standalone.CodecFactoryUtil] - Registered pre-bundled extended operation factory: 1.3.6.1.4.1.18060.0.1.3
[11:39:51] INFO [org.apache.directory.api.ldap.codec.standalone.CodecFactoryUtil] - Registered pre-bundled extended operation factory: 1.3.6.1.4.1.18060.0.1.6
[11:39:51] INFO [org.apache.directory.api.ldap.codec.standalone.CodecFactoryUtil] - Registered pre-bundled extended operation factory: 1.3.6.1.4.1.18060.0.1.5
[11:39:51] INFO [org.apache.directory.api.ldap.codec.standalone.CodecFactoryUtil] - Registered pre-bundled extended operation factory: 1.3.6.1.4.1.4203.1.11.1
[11:39:51] INFO [org.apache.directory.api.ldap.codec.standalone.CodecFactoryUtil] - Registered pre-bundled extended operation factory: 1.3.6.1.4.1.4203.1.11.3
[11:39:51] INFO [org.apache.directory.api.ldap.codec.standalone.CodecFactoryUtil] - Registered pre-bundled extended operation factory: 1.3.6.1.4.1.1466.20037
[11:39:51] INFO [org.apache.directory.server.core.api.CacheService] - no custom cache configuration was set, loading the default cache configuration
[11:39:52] INFO [org.apache.directory.api.ldap.schema.extractor.impl.DefaultSchemaLdifExtractor] - Schema directory '/tmp/krish/partitions/schema' does NOT exist: extracted state set to false.
[11:39:52] INFO [org.apache.directory.api.ldap.model.ldif.LdifReader] - No version information : assuming version: 1
[11:39:52] INFO [org.apache.directory.api.ldap.schema.manager.impl.DefaultSchemaManager] - Loading system enabled schema: 
	Schema Name: system
		Disabled: false
		Owner: uid=admin,ou=system
		Dependencies: []
		SchemaLoader : LdifSchemaLoader
[11:39:53] INFO [org.apache.directory.api.ldap.schema.manager.impl.DefaultSchemaManager] - Loading core enabled schema: 
	Schema Name: core
		Disabled: false
		Owner: uid=admin,ou=system
		Dependencies: [system]
		SchemaLoader : LdifSchemaLoader
[11:39:53] INFO [org.apache.directory.api.ldap.schema.manager.impl.DefaultSchemaManager] - system schema has already been loaded
[11:39:53] INFO [org.apache.directory.api.ldap.schema.manager.impl.DefaultSchemaManager] - core schema has already been loaded
[11:39:53] INFO [org.apache.directory.api.ldap.schema.manager.impl.DefaultSchemaManager] - system schema has already been loaded
[11:39:53] INFO [org.apache.directory.api.ldap.schema.manager.impl.DefaultSchemaManager] - Loading apache enabled schema: 
	Schema Name: apache
		Disabled: false
		Owner: uid=admin,ou=system
		Dependencies: [core, system]
		SchemaLoader : LdifSchemaLoader
[11:39:53] INFO [org.apache.directory.api.ldap.schema.manager.impl.DefaultSchemaManager] - system schema has already been loaded
[11:39:53] INFO [org.apache.directory.api.ldap.schema.manager.impl.DefaultSchemaManager] - Loading apachemeta enabled schema: 
	Schema Name: apachemeta
		Disabled: false
		Owner: uid=admin,ou=system
		Dependencies: [system]
		SchemaLoader : LdifSchemaLoader
[11:39:53] INFO [org.apache.directory.api.ldap.schema.manager.impl.DefaultSchemaManager] - Loading other enabled schema: 
	Schema Name: other
		Disabled: false
		Owner: uid=admin,ou=system
		Dependencies: [core, system, apache, apachemeta]
		SchemaLoader : LdifSchemaLoader
[11:39:53] INFO [org.apache.directory.api.ldap.schema.manager.impl.DefaultSchemaManager] - core schema has already been loaded
[11:39:53] INFO [org.apache.directory.api.ldap.schema.manager.impl.DefaultSchemaManager] - system schema has already been loaded
[11:39:53] INFO [org.apache.directory.api.ldap.schema.manager.impl.DefaultSchemaManager] - core schema has already been loaded
[11:39:53] INFO [org.apache.directory.api.ldap.schema.manager.impl.DefaultSchemaManager] - system schema has already been loaded
[11:39:53] INFO [org.apache.directory.api.ldap.schema.manager.impl.DefaultSchemaManager] - Loading cosine enabled schema: 
	Schema Name: cosine
		Disabled: false
		Owner: uid=admin,ou=system
		Dependencies: [core, system]
		SchemaLoader : LdifSchemaLoader
[11:39:53] INFO [org.apache.directory.api.ldap.schema.manager.impl.DefaultSchemaManager] - Loading inetorgperson enabled schema: 
	Schema Name: inetorgperson
		Disabled: false
		Owner: uid=admin,ou=system
		Dependencies: [core, system, cosine]
		SchemaLoader : LdifSchemaLoader
[11:39:53] INFO [org.apache.directory.api.ldap.schema.manager.impl.DefaultSchemaManager] - apachemeta schema has already been loaded
[11:39:53] INFO [org.apache.directory.api.ldap.schema.manager.impl.DefaultSchemaManager] - core schema has already been loaded
[11:39:53] INFO [org.apache.directory.api.ldap.schema.manager.impl.DefaultSchemaManager] - core schema has already been loaded
[11:39:53] INFO [org.apache.directory.api.ldap.schema.manager.impl.DefaultSchemaManager] - system schema has already been loaded
[11:39:53] INFO [org.apache.directory.api.ldap.schema.manager.impl.DefaultSchemaManager] - Loading krb5kdc enabled schema: 
	Schema Name: krb5kdc
		Disabled: false
		Owner: uid=admin,ou=system
		Dependencies: [core, system]
		SchemaLoader : LdifSchemaLoader
[11:39:53] INFO [org.apache.directory.api.ldap.schema.manager.impl.DefaultSchemaManager] - apache schema has already been loaded
[11:39:53] INFO [org.apache.directory.api.ldap.schema.manager.impl.DefaultSchemaManager] - core schema has already been loaded
[11:39:53] INFO [org.apache.directory.api.ldap.schema.manager.impl.DefaultSchemaManager] - system schema has already been loaded
[11:39:53] INFO [org.apache.directory.api.ldap.schema.manager.impl.DefaultSchemaManager] - Loading java enabled schema: 
	Schema Name: java
		Disabled: false
		Owner: uid=admin,ou=system
		Dependencies: [core, system]
		SchemaLoader : LdifSchemaLoader
[11:39:53] INFO [org.apache.directory.api.ldap.schema.manager.impl.DefaultSchemaManager] - system schema has already been loaded
[11:39:53] INFO [org.apache.directory.api.ldap.schema.manager.impl.DefaultSchemaManager] - system schema has already been loaded
[11:39:53] INFO [org.apache.directory.api.ldap.schema.manager.impl.DefaultSchemaManager] - Loading pwdpolicy enabled schema: 
	Schema Name: pwdpolicy
		Disabled: false
		Owner: uid=admin,ou=system
		Dependencies: [system]
		SchemaLoader : LdifSchemaLoader
[11:39:53] INFO [org.apache.directory.api.ldap.schema.manager.impl.DefaultSchemaManager] - cosine schema has already been loaded
[11:39:53] INFO [org.apache.directory.api.ldap.schema.manager.impl.DefaultSchemaManager] - core schema has already been loaded
[11:39:53] INFO [org.apache.directory.api.ldap.schema.manager.impl.DefaultSchemaManager] - system schema has already been loaded
[11:39:53] INFO [org.apache.directory.api.ldap.schema.manager.impl.DefaultSchemaManager] - Loading collective enabled schema: 
	Schema Name: collective
		Disabled: false
		Owner: uid=admin,ou=system
		Dependencies: [core, system]
		SchemaLoader : LdifSchemaLoader
[11:39:53] INFO [org.apache.directory.api.ldap.schema.manager.impl.DefaultSchemaManager] - core schema has already been loaded
[11:39:53] INFO [org.apache.directory.api.ldap.schema.manager.impl.DefaultSchemaManager] - apache schema has already been loaded
[11:39:53] INFO [org.apache.directory.api.ldap.schema.manager.impl.DefaultSchemaManager] - system schema has already been loaded
[11:39:53] INFO [org.apache.directory.api.ldap.schema.manager.impl.DefaultSchemaManager] - Loading adsconfig enabled schema: 
	Schema Name: adsconfig
		Disabled: false
		Owner: uid=admin,ou=system
		Dependencies: [core, apache, system]
		SchemaLoader : LdifSchemaLoader
[11:39:53] INFO [org.apache.directory.api.ldap.model.ldif.LdifReader] - No version information : assuming version: 1
[11:39:53] INFO [org.apache.directory.api.ldap.model.ldif.LdifReader] - No version information : assuming version: 1
[11:39:53] INFO [org.apache.directory.api.ldap.model.ldif.LdifReader] - No version information : assuming version: 1
[11:39:53] INFO [org.apache.directory.api.ldap.model.ldif.LdifReader] - No version information : assuming version: 1
[11:39:53] INFO [org.apache.directory.api.ldap.model.ldif.LdifReader] - No version information : assuming version: 1
[11:39:53] INFO [org.apache.directory.api.ldap.model.ldif.LdifReader] - No version information : assuming version: 1
[11:39:53] INFO [org.apache.directory.api.ldap.model.ldif.LdifReader] - No version information : assuming version: 1
[11:39:53] INFO [org.apache.directory.api.ldap.model.ldif.LdifReader] - No version information : assuming version: 1
[11:39:53] INFO [org.apache.directory.api.ldap.model.ldif.LdifReader] - No version information : assuming version: 1
[11:39:53] INFO [org.apache.directory.api.ldap.model.ldif.LdifReader] - No version information : assuming version: 1
[11:39:53] INFO [org.apache.directory.api.ldap.model.ldif.LdifReader] - No version information : assuming version: 1
[11:39:53] INFO [org.apache.directory.server.core.api.CacheService] - fetching the cache named krish
[11:39:53] INFO [org.apache.directory.server.core.api.CacheService] - No cache with name krish exists, creating one
[11:39:53] INFO [org.apache.directory.server.core.DefaultDirectoryService] - ApacheDS shutdown hook has been registered with the runtime.
[11:39:53] INFO [org.apache.directory.server.core.api.CacheService] - fetching the cache named alias
[11:39:53] INFO [org.apache.directory.server.core.api.CacheService] - No cache with name alias exists, creating one
[11:39:53] INFO [org.apache.directory.server.core.api.CacheService] - fetching the cache named piar
[11:39:53] INFO [org.apache.directory.server.core.api.CacheService] - No cache with name piar exists, creating one
[11:39:53] INFO [org.apache.directory.server.core.api.CacheService] - fetching the cache named entryDn
[11:39:53] INFO [org.apache.directory.server.core.api.CacheService] - No cache with name entryDn exists, creating one
[11:39:53] INFO [org.apache.directory.api.ldap.model.ldif.LdifReader] - No version information : assuming version: 1
[11:39:53] INFO [org.apache.directory.api.ldap.model.ldif.LdifReader] - No version information : assuming version: 1
[11:39:53] INFO [org.apache.directory.api.ldap.model.ldif.LdifReader] - No version information : assuming version: 1
[11:39:53] INFO [org.apache.directory.api.ldap.model.ldif.LdifReader] - No version information : assuming version: 1
[11:39:53] INFO [org.apache.directory.api.ldap.model.ldif.LdifReader] - No version information : assuming version: 1
[11:39:53] INFO [org.apache.directory.api.ldap.model.ldif.LdifReader] - No version information : assuming version: 1
[11:39:53] INFO [org.apache.directory.api.ldap.model.ldif.LdifReader] - No version information : assuming version: 1
[11:39:53] INFO [org.apache.directory.api.ldap.model.ldif.LdifReader] - No version information : assuming version: 1
[11:39:53] INFO [org.apache.directory.api.ldap.model.ldif.LdifReader] - No version information : assuming version: 1
[11:39:53] INFO [org.apache.directory.api.ldap.model.ldif.LdifReader] - No version information : assuming version: 1
[11:39:53] INFO [org.apache.directory.api.ldap.model.ldif.LdifReader] - No version information : assuming version: 1
[11:39:53] INFO [org.apache.directory.api.ldap.model.ldif.LdifReader] - No version information : assuming version: 1
[11:39:53] INFO [org.apache.directory.api.ldap.model.entry.AbstractValue] - ERR_04447_CANNOT_NORMALIZE_VALUE Cannot normalize the wrapped value ERR_04226 I do not know how to handle NameAndOptionalUID normalization with objects of class: apacheDnsDomainName
[11:39:53] INFO [org.apache.directory.api.ldap.model.entry.AbstractValue] - ERR_04447_CANNOT_NORMALIZE_VALUE Cannot normalize the wrapped value ERR_04226 I do not know how to handle NameAndOptionalUID normalization with objects of class: apacheDnsDomainName
[11:39:53] INFO [org.apache.directory.api.ldap.model.entry.AbstractValue] - ERR_04447_CANNOT_NORMALIZE_VALUE Cannot normalize the wrapped value ERR_04226 I do not know how to handle NameAndOptionalUID normalization with objects of class: apacheDnsTtl
[11:39:53] INFO [org.apache.directory.api.ldap.model.entry.AbstractValue] - ERR_04447_CANNOT_NORMALIZE_VALUE Cannot normalize the wrapped value ERR_04226 I do not know how to handle NameAndOptionalUID normalization with objects of class: apacheDnsDomainName
[11:39:53] INFO [org.apache.directory.api.ldap.model.entry.AbstractValue] - ERR_04447_CANNOT_NORMALIZE_VALUE Cannot normalize the wrapped value ERR_04226 I do not know how to handle NameAndOptionalUID normalization with objects of class: apacheDnsAbstractRecord
[11:39:53] INFO [org.apache.directory.api.ldap.model.entry.AbstractValue] - ERR_04447_CANNOT_NORMALIZE_VALUE Cannot normalize the wrapped value ERR_04226 I do not know how to handle NameAndOptionalUID normalization with objects of class: apacheDnsDomainName
[11:39:53] INFO [org.apache.directory.api.ldap.model.entry.AbstractValue] - ERR_04447_CANNOT_NORMALIZE_VALUE Cannot normalize the wrapped value ERR_04226 I do not know how to handle NameAndOptionalUID normalization with objects of class: apacheDnsIpAddress
[11:39:53] INFO [org.apache.directory.api.ldap.model.entry.AbstractValue] - ERR_04447_CANNOT_NORMALIZE_VALUE Cannot normalize the wrapped value ERR_04226 I do not know how to handle NameAndOptionalUID normalization with objects of class: apacheDnsAbstractRecord
[11:39:53] INFO [org.apache.directory.api.ldap.model.entry.AbstractValue] - ERR_04447_CANNOT_NORMALIZE_VALUE Cannot normalize the wrapped value ERR_04226 I do not know how to handle NameAndOptionalUID normalization with objects of class: apacheDnsIpAddress
[11:39:53] INFO [org.apache.directory.api.ldap.model.entry.AbstractValue] - ERR_04447_CANNOT_NORMALIZE_VALUE Cannot normalize the wrapped value ERR_04226 I do not know how to handle NameAndOptionalUID normalization with objects of class: apacheDnsAbstractRecord
[11:39:53] INFO [org.apache.directory.api.ldap.model.entry.AbstractValue] - ERR_04447_CANNOT_NORMALIZE_VALUE Cannot normalize the wrapped value ERR_04226 I do not know how to handle NameAndOptionalUID normalization with objects of class: apacheDnsDomainName
[11:39:53] INFO [org.apache.directory.api.ldap.model.entry.AbstractValue] - ERR_04447_CANNOT_NORMALIZE_VALUE Cannot normalize the wrapped value ERR_04226 I do not know how to handle NameAndOptionalUID normalization with objects of class: apacheDnsAbstractRecord
[11:39:53] INFO [org.apache.directory.api.ldap.model.entry.AbstractValue] - ERR_04447_CANNOT_NORMALIZE_VALUE Cannot normalize the wrapped value ERR_04226 I do not know how to handle NameAndOptionalUID normalization with objects of class: apacheDnsDomainName
[11:39:53] INFO [org.apache.directory.api.ldap.model.entry.AbstractValue] - ERR_04447_CANNOT_NORMALIZE_VALUE Cannot normalize the wrapped value ERR_04226 I do not know how to handle NameAndOptionalUID normalization with objects of class: apacheDnsAbstractRecord
[11:39:53] INFO [org.apache.directory.api.ldap.model.entry.AbstractValue] - ERR_04447_CANNOT_NORMALIZE_VALUE Cannot normalize the wrapped value ERR_04226 I do not know how to handle NameAndOptionalUID normalization with objects of class: apacheDnsClass
[11:39:53] INFO [org.apache.directory.api.ldap.model.entry.AbstractValue] - ERR_04447_CANNOT_NORMALIZE_VALUE Cannot normalize the wrapped value ERR_04226 I do not know how to handle NameAndOptionalUID normalization with objects of class: apacheDnsSoaSerial
[11:39:53] INFO [org.apache.directory.api.ldap.model.entry.AbstractValue] - ERR_04447_CANNOT_NORMALIZE_VALUE Cannot normalize the wrapped value ERR_04226 I do not know how to handle NameAndOptionalUID normalization with objects of class: apacheDnsSoaRefresh
[11:39:53] INFO [org.apache.directory.api.ldap.model.entry.AbstractValue] - ERR_04447_CANNOT_NORMALIZE_VALUE Cannot normalize the wrapped value ERR_04226 I do not know how to handle NameAndOptionalUID normalization with objects of class: apacheDnsSoaRetry
[11:39:53] INFO [org.apache.directory.api.ldap.model.entry.AbstractValue] - ERR_04447_CANNOT_NORMALIZE_VALUE Cannot normalize the wrapped value ERR_04226 I do not know how to handle NameAndOptionalUID normalization with objects of class: apacheDnsSoaExpire
[11:39:53] INFO [org.apache.directory.api.ldap.model.entry.AbstractValue] - ERR_04447_CANNOT_NORMALIZE_VALUE Cannot normalize the wrapped value ERR_04226 I do not know how to handle NameAndOptionalUID normalization with objects of class: apacheDnsSoaMName
[11:39:53] INFO [org.apache.directory.api.ldap.model.entry.AbstractValue] - ERR_04447_CANNOT_NORMALIZE_VALUE Cannot normalize the wrapped value ERR_04226 I do not know how to handle NameAndOptionalUID normalization with objects of class: apacheDnsSoaRName
[11:39:53] INFO [org.apache.directory.api.ldap.model.entry.AbstractValue] - ERR_04447_CANNOT_NORMALIZE_VALUE Cannot normalize the wrapped value ERR_04226 I do not know how to handle NameAndOptionalUID normalization with objects of class: apacheDnsSoaMinimum
[11:39:53] INFO [org.apache.directory.api.ldap.model.entry.AbstractValue] - ERR_04447_CANNOT_NORMALIZE_VALUE Cannot normalize the wrapped value ERR_04226 I do not know how to handle NameAndOptionalUID normalization with objects of class: apacheDnsAbstractRecord
[11:39:53] INFO [org.apache.directory.api.ldap.model.entry.AbstractValue] - ERR_04447_CANNOT_NORMALIZE_VALUE Cannot normalize the wrapped value ERR_04226 I do not know how to handle NameAndOptionalUID normalization with objects of class: apacheDnsDomainName
[11:39:53] INFO [org.apache.directory.api.ldap.model.entry.AbstractValue] - ERR_04447_CANNOT_NORMALIZE_VALUE Cannot normalize the wrapped value ERR_04226 I do not know how to handle NameAndOptionalUID normalization with objects of class: apacheDnsAbstractRecord
[11:39:53] INFO [org.apache.directory.api.ldap.model.entry.AbstractValue] - ERR_04447_CANNOT_NORMALIZE_VALUE Cannot normalize the wrapped value ERR_04226 I do not know how to handle NameAndOptionalUID normalization with objects of class: apacheDnsMxPreference
[11:39:53] INFO [org.apache.directory.api.ldap.model.entry.AbstractValue] - ERR_04447_CANNOT_NORMALIZE_VALUE Cannot normalize the wrapped value ERR_04226 I do not know how to handle NameAndOptionalUID normalization with objects of class: apacheDnsDomainName
[11:39:53] INFO [org.apache.directory.api.ldap.model.entry.AbstractValue] - ERR_04447_CANNOT_NORMALIZE_VALUE Cannot normalize the wrapped value ERR_04226 I do not know how to handle NameAndOptionalUID normalization with objects of class: apacheDnsAbstractRecord
[11:39:53] INFO [org.apache.directory.api.ldap.model.entry.AbstractValue] - ERR_04447_CANNOT_NORMALIZE_VALUE Cannot normalize the wrapped value ERR_04226 I do not know how to handle NameAndOptionalUID normalization with objects of class: apacheDnsCharacterString
[11:39:53] INFO [org.apache.directory.api.ldap.model.entry.AbstractValue] - ERR_04447_CANNOT_NORMALIZE_VALUE Cannot normalize the wrapped value ERR_04226 I do not know how to handle NameAndOptionalUID normalization with objects of class: apacheDnsAbstractRecord
[11:39:53] INFO [org.apache.directory.api.ldap.model.entry.AbstractValue] - ERR_04447_CANNOT_NORMALIZE_VALUE Cannot normalize the wrapped value ERR_04226 I do not know how to handle NameAndOptionalUID normalization with objects of class: apacheDnsServicePriority
[11:39:53] INFO [org.apache.directory.api.ldap.model.entry.AbstractValue] - ERR_04447_CANNOT_NORMALIZE_VALUE Cannot normalize the wrapped value ERR_04226 I do not know how to handle NameAndOptionalUID normalization with objects of class: apacheDnsServiceWeight
[11:39:53] INFO [org.apache.directory.api.ldap.model.entry.AbstractValue] - ERR_04447_CANNOT_NORMALIZE_VALUE Cannot normalize the wrapped value ERR_04226 I do not know how to handle NameAndOptionalUID normalization with objects of class: apacheDnsServicePort
[11:39:53] INFO [org.apache.directory.api.ldap.model.entry.AbstractValue] - ERR_04447_CANNOT_NORMALIZE_VALUE Cannot normalize the wrapped value ERR_04226 I do not know how to handle NameAndOptionalUID normalization with objects of class: apacheDnsDomainName
[11:39:53] INFO [org.apache.directory.api.ldap.model.entry.AbstractValue] - ERR_04447_CANNOT_NORMALIZE_VALUE Cannot normalize the wrapped value ERR_04226 I do not know how to handle NameAndOptionalUID normalization with objects of class: apacheDnsAbstractRecord
[11:39:53] INFO [org.apache.directory.api.ldap.model.entry.AbstractValue] - ERR_04447_CANNOT_NORMALIZE_VALUE Cannot normalize the wrapped value ERR_04226 I do not know how to handle NameAndOptionalUID normalization with objects of class: automountInformation
[11:39:54] INFO [org.apache.directory.api.ldap.model.entry.AbstractValue] - ERR_04447_CANNOT_NORMALIZE_VALUE Cannot normalize the wrapped value ERR_04226 I do not know how to handle NameAndOptionalUID normalization with objects of class: corbaIor
[11:39:54] INFO [org.apache.directory.api.ldap.model.entry.AbstractValue] - ERR_04447_CANNOT_NORMALIZE_VALUE Cannot normalize the wrapped value ERR_04226 I do not know how to handle NameAndOptionalUID normalization with objects of class: corbaObject
[11:39:54] INFO [org.apache.directory.api.ldap.model.entry.AbstractValue] - ERR_04447_CANNOT_NORMALIZE_VALUE Cannot normalize the wrapped value ERR_04226 I do not know how to handle NameAndOptionalUID normalization with objects of class: corbaRepositoryId
[11:39:54] INFO [org.apache.directory.api.ldap.model.entry.AbstractValue] - ERR_04447_CANNOT_NORMALIZE_VALUE Cannot normalize the wrapped value ERR_04226 I do not know how to handle NameAndOptionalUID normalization with objects of class: dhcpSecondaryDN
[11:39:54] INFO [org.apache.directory.api.ldap.model.entry.AbstractValue] - ERR_04447_CANNOT_NORMALIZE_VALUE Cannot normalize the wrapped value ERR_04226 I do not know how to handle NameAndOptionalUID normalization with objects of class: dhcpSharedNetworkDN
[11:39:54] INFO [org.apache.directory.api.ldap.model.entry.AbstractValue] - ERR_04447_CANNOT_NORMALIZE_VALUE Cannot normalize the wrapped value ERR_04226 I do not know how to handle NameAndOptionalUID normalization with objects of class: dhcpSubnetDN
[11:39:54] INFO [org.apache.directory.api.ldap.model.entry.AbstractValue] - ERR_04447_CANNOT_NORMALIZE_VALUE Cannot normalize the wrapped value ERR_04226 I do not know how to handle NameAndOptionalUID normalization with objects of class: dhcpGroupDN
[11:39:54] INFO [org.apache.directory.api.ldap.model.entry.AbstractValue] - ERR_04447_CANNOT_NORMALIZE_VALUE Cannot normalize the wrapped value ERR_04226 I do not know how to handle NameAndOptionalUID normalization with objects of class: dhcpHostDN
[11:39:54] INFO [org.apache.directory.api.ldap.model.entry.AbstractValue] - ERR_04447_CANNOT_NORMALIZE_VALUE Cannot normalize the wrapped value ERR_04226 I do not know how to handle NameAndOptionalUID normalization with objects of class: dhcpClassesDN
[11:39:54] INFO [org.apache.directory.api.ldap.model.entry.AbstractValue] - ERR_04447_CANNOT_NORMALIZE_VALUE Cannot normalize the wrapped value ERR_04226 I do not know how to handle NameAndOptionalUID normalization with objects of class: dhcpOptionsDN
[11:39:54] INFO [org.apache.directory.api.ldap.model.entry.AbstractValue] - ERR_04447_CANNOT_NORMALIZE_VALUE Cannot normalize the wrapped value ERR_04226 I do not know how to handle NameAndOptionalUID normalization with objects of class: dhcpStatements
[11:39:54] INFO [org.apache.directory.api.ldap.model.entry.AbstractValue] - ERR_04447_CANNOT_NORMALIZE_VALUE Cannot normalize the wrapped value ERR_04226 I do not know how to handle NameAndOptionalUID normalization with objects of class: dhcpPrimaryDN
[11:39:54] INFO [org.apache.directory.api.ldap.model.entry.AbstractValue] - ERR_04447_CANNOT_NORMALIZE_VALUE Cannot normalize the wrapped value ERR_04226 I do not know how to handle NameAndOptionalUID normalization with objects of class: dhcpExpirationTime
[11:39:54] INFO [org.apache.directory.api.ldap.model.entry.AbstractValue] - ERR_04447_CANNOT_NORMALIZE_VALUE Cannot normalize the wrapped value ERR_04226 I do not know how to handle NameAndOptionalUID normalization with objects of class: dhcpStartTimeOfState
[11:39:54] INFO [org.apache.directory.api.ldap.model.entry.AbstractValue] - ERR_04447_CANNOT_NORMALIZE_VALUE Cannot normalize the wrapped value ERR_04226 I do not know how to handle NameAndOptionalUID normalization with objects of class: dhcpLastTransactionTime
[11:39:54] INFO [org.apache.directory.api.ldap.model.entry.AbstractValue] - ERR_04447_CANNOT_NORMALIZE_VALUE Cannot normalize the wrapped value ERR_04226 I do not know how to handle NameAndOptionalUID normalization with objects of class: dhcpBootpFlag
[11:39:54] INFO [org.apache.directory.api.ldap.model.entry.AbstractValue] - ERR_04447_CANNOT_NORMALIZE_VALUE Cannot normalize the wrapped value ERR_04226 I do not know how to handle NameAndOptionalUID normalization with objects of class: dhcpDomainName
[11:39:54] INFO [org.apache.directory.api.ldap.model.entry.AbstractValue] - ERR_04447_CANNOT_NORMALIZE_VALUE Cannot normalize the wrapped value ERR_04226 I do not know how to handle NameAndOptionalUID normalization with objects of class: dhcpDnsStatus
[11:39:54] INFO [org.apache.directory.api.ldap.model.entry.AbstractValue] - ERR_04447_CANNOT_NORMALIZE_VALUE Cannot normalize the wrapped value ERR_04226 I do not know how to handle NameAndOptionalUID normalization with objects of class: dhcpRequestedHostName
[11:39:54] INFO [org.apache.directory.api.ldap.model.entry.AbstractValue] - ERR_04447_CANNOT_NORMALIZE_VALUE Cannot normalize the wrapped value ERR_04226 I do not know how to handle NameAndOptionalUID normalization with objects of class: dhcpAssignedHostName
[11:39:54] INFO [org.apache.directory.api.ldap.model.entry.AbstractValue] - ERR_04447_CANNOT_NORMALIZE_VALUE Cannot normalize the wrapped value ERR_04226 I do not know how to handle NameAndOptionalUID normalization with objects of class: dhcpReservedForClient
[11:39:54] INFO [org.apache.directory.api.ldap.model.entry.AbstractValue] - ERR_04447_CANNOT_NORMALIZE_VALUE Cannot normalize the wrapped value ERR_04226 I do not know how to handle NameAndOptionalUID normalization with objects of class: dhcpAssignedToClient
[11:39:54] INFO [org.apache.directory.api.ldap.model.entry.AbstractValue] - ERR_04447_CANNOT_NORMALIZE_VALUE Cannot normalize the wrapped value ERR_04226 I do not know how to handle NameAndOptionalUID normalization with objects of class: dhcpRelayAgentInfo
[11:39:54] INFO [org.apache.directory.api.ldap.model.entry.AbstractValue] - ERR_04447_CANNOT_NORMALIZE_VALUE Cannot normalize the wrapped value ERR_04226 I do not know how to handle NameAndOptionalUID normalization with objects of class: dhcpHWAddress
[11:39:54] INFO [org.apache.directory.api.ldap.model.entry.AbstractValue] - ERR_04447_CANNOT_NORMALIZE_VALUE Cannot normalize the wrapped value ERR_04226 I do not know how to handle NameAndOptionalUID normalization with objects of class: dhcpAddressState
[11:39:54] INFO [org.apache.directory.api.ldap.model.entry.AbstractValue] - ERR_04447_CANNOT_NORMALIZE_VALUE Cannot normalize the wrapped value ERR_04226 I do not know how to handle NameAndOptionalUID normalization with objects of class: dhcpAddressState
[11:39:54] INFO [org.apache.directory.api.ldap.model.entry.AbstractValue] - ERR_04447_CANNOT_NORMALIZE_VALUE Cannot normalize the wrapped value ERR_04226 I do not know how to handle NameAndOptionalUID normalization with objects of class: dhcpExpirationTime
[11:39:54] INFO [org.apache.directory.api.ldap.model.entry.AbstractValue] - ERR_04447_CANNOT_NORMALIZE_VALUE Cannot normalize the wrapped value ERR_04226 I do not know how to handle NameAndOptionalUID normalization with objects of class: dhcpStartTimeOfState
[11:39:54] INFO [org.apache.directory.api.ldap.model.entry.AbstractValue] - ERR_04447_CANNOT_NORMALIZE_VALUE Cannot normalize the wrapped value ERR_04226 I do not know how to handle NameAndOptionalUID normalization with objects of class: dhcpLastTransactionTime
[11:39:54] INFO [org.apache.directory.api.ldap.model.entry.AbstractValue] - ERR_04447_CANNOT_NORMALIZE_VALUE Cannot normalize the wrapped value ERR_04226 I do not know how to handle NameAndOptionalUID normalization with objects of class: dhcpBootpFlag
[11:39:54] INFO [org.apache.directory.api.ldap.model.entry.AbstractValue] - ERR_04447_CANNOT_NORMALIZE_VALUE Cannot normalize the wrapped value ERR_04226 I do not know how to handle NameAndOptionalUID normalization with objects of class: dhcpDomainName
[11:39:54] INFO [org.apache.directory.api.ldap.model.entry.AbstractValue] - ERR_04447_CANNOT_NORMALIZE_VALUE Cannot normalize the wrapped value ERR_04226 I do not know how to handle NameAndOptionalUID normalization with objects of class: dhcpDnsStatus
[11:39:54] INFO [org.apache.directory.api.ldap.model.entry.AbstractValue] - ERR_04447_CANNOT_NORMALIZE_VALUE Cannot normalize the wrapped value ERR_04226 I do not know how to handle NameAndOptionalUID normalization with objects of class: dhcpRequestedHostName
[11:39:54] INFO [org.apache.directory.api.ldap.model.entry.AbstractValue] - ERR_04447_CANNOT_NORMALIZE_VALUE Cannot normalize the wrapped value ERR_04226 I do not know how to handle NameAndOptionalUID normalization with objects of class: dhcpAssignedHostName
[11:39:54] INFO [org.apache.directory.api.ldap.model.entry.AbstractValue] - ERR_04447_CANNOT_NORMALIZE_VALUE Cannot normalize the wrapped value ERR_04226 I do not know how to handle NameAndOptionalUID normalization with objects of class: dhcpReservedForClient
[11:39:54] INFO [org.apache.directory.api.ldap.model.entry.AbstractValue] - ERR_04447_CANNOT_NORMALIZE_VALUE Cannot normalize the wrapped value ERR_04226 I do not know how to handle NameAndOptionalUID normalization with objects of class: dhcpAssignedToClient
[11:39:54] INFO [org.apache.directory.api.ldap.model.entry.AbstractValue] - ERR_04447_CANNOT_NORMALIZE_VALUE Cannot normalize the wrapped value ERR_04226 I do not know how to handle NameAndOptionalUID normalization with objects of class: dhcpRelayAgentInfo
[11:39:54] INFO [org.apache.directory.api.ldap.model.entry.AbstractValue] - ERR_04447_CANNOT_NORMALIZE_VALUE Cannot normalize the wrapped value ERR_04226 I do not know how to handle NameAndOptionalUID normalization with objects of class: dhcpHWAddress
[11:39:54] INFO [org.apache.directory.api.ldap.model.entry.AbstractValue] - ERR_04447_CANNOT_NORMALIZE_VALUE Cannot normalize the wrapped value ERR_04226 I do not know how to handle NameAndOptionalUID normalization with objects of class: dhcpErrorLog
[11:39:54] INFO [org.apache.directory.api.ldap.model.entry.AbstractValue] - ERR_04447_CANNOT_NORMALIZE_VALUE Cannot normalize the wrapped value ERR_04226 I do not know how to handle NameAndOptionalUID normalization with objects of class: dhcpVersion
[11:39:54] INFO [org.apache.directory.api.ldap.model.entry.AbstractValue] - ERR_04447_CANNOT_NORMALIZE_VALUE Cannot normalize the wrapped value ERR_04226 I do not know how to handle NameAndOptionalUID normalization with objects of class: dhcpImplementation
[11:39:54] INFO [org.apache.directory.api.ldap.model.entry.AbstractValue] - ERR_04447_CANNOT_NORMALIZE_VALUE Cannot normalize the wrapped value ERR_04226 I do not know how to handle NameAndOptionalUID normalization with objects of class: dhcpHashBucketAssignment
[11:39:54] INFO [org.apache.directory.api.ldap.model.entry.AbstractValue] - ERR_04447_CANNOT_NORMALIZE_VALUE Cannot normalize the wrapped value ERR_04226 I do not know how to handle NameAndOptionalUID normalization with objects of class: dhcpDelayedServiceParameter
[11:39:54] INFO [org.apache.directory.api.ldap.model.entry.AbstractValue] - ERR_04447_CANNOT_NORMALIZE_VALUE Cannot normalize the wrapped value ERR_04226 I do not know how to handle NameAndOptionalUID normalization with objects of class: dhcpMaxClientLeadTime
[11:39:54] INFO [org.apache.directory.api.ldap.model.entry.AbstractValue] - ERR_04447_CANNOT_NORMALIZE_VALUE Cannot normalize the wrapped value ERR_04226 I do not know how to handle NameAndOptionalUID normalization with objects of class: dhcpFailOverEndpointState
[11:39:54] INFO [org.apache.directory.api.ldap.model.entry.AbstractValue] - ERR_04447_CANNOT_NORMALIZE_VALUE Cannot normalize the wrapped value ERR_04226 I do not know how to handle NameAndOptionalUID normalization with objects of class: dhcpStatements
[11:39:54] INFO [org.apache.directory.api.ldap.model.entry.AbstractValue] - ERR_04447_CANNOT_NORMALIZE_VALUE Cannot normalize the wrapped value ERR_04226 I do not know how to handle NameAndOptionalUID normalization with objects of class: dhcpServiceDN
[11:39:54] INFO [org.apache.directory.api.ldap.model.entry.AbstractValue] - ERR_04447_CANNOT_NORMALIZE_VALUE Cannot normalize the wrapped value ERR_04226 I do not know how to handle NameAndOptionalUID normalization with objects of class: dhcpSubnetDN
[11:39:54] INFO [org.apache.directory.api.ldap.model.entry.AbstractValue] - ERR_04447_CANNOT_NORMALIZE_VALUE Cannot normalize the wrapped value ERR_04226 I do not know how to handle NameAndOptionalUID normalization with objects of class: dhcpPoolDN
[11:39:54] INFO [org.apache.directory.api.ldap.model.entry.AbstractValue] - ERR_04447_CANNOT_NORMALIZE_VALUE Cannot normalize the wrapped value ERR_04226 I do not know how to handle NameAndOptionalUID normalization with objects of class: dhcpOptionsDN
[11:39:54] INFO [org.apache.directory.api.ldap.model.entry.AbstractValue] - ERR_04447_CANNOT_NORMALIZE_VALUE Cannot normalize the wrapped value ERR_04226 I do not know how to handle NameAndOptionalUID normalization with objects of class: dhcpStatements
[11:39:54] INFO [org.apache.directory.api.ldap.model.entry.AbstractValue] - ERR_04447_CANNOT_NORMALIZE_VALUE Cannot normalize the wrapped value ERR_04226 I do not know how to handle NameAndOptionalUID normalization with objects of class: dhcpRange
[11:39:54] INFO [org.apache.directory.api.ldap.model.entry.AbstractValue] - ERR_04447_CANNOT_NORMALIZE_VALUE Cannot normalize the wrapped value ERR_04226 I do not know how to handle NameAndOptionalUID normalization with objects of class: dhcpPoolDN
[11:39:54] INFO [org.apache.directory.api.ldap.model.entry.AbstractValue] - ERR_04447_CANNOT_NORMALIZE_VALUE Cannot normalize the wrapped value ERR_04226 I do not know how to handle NameAndOptionalUID normalization with objects of class: dhcpGroupDN
[11:39:54] INFO [org.apache.directory.api.ldap.model.entry.AbstractValue] - ERR_04447_CANNOT_NORMALIZE_VALUE Cannot normalize the wrapped value ERR_04226 I do not know how to handle NameAndOptionalUID normalization with objects of class: dhcpHostDN
[11:39:54] INFO [org.apache.directory.api.ldap.model.entry.AbstractValue] - ERR_04447_CANNOT_NORMALIZE_VALUE Cannot normalize the wrapped value ERR_04226 I do not know how to handle NameAndOptionalUID normalization with objects of class: dhcpClassesDN
[11:39:54] INFO [org.apache.directory.api.ldap.model.entry.AbstractValue] - ERR_04447_CANNOT_NORMALIZE_VALUE Cannot normalize the wrapped value ERR_04226 I do not know how to handle NameAndOptionalUID normalization with objects of class: dhcpLeasesDN
[11:39:54] INFO [org.apache.directory.api.ldap.model.entry.AbstractValue] - ERR_04447_CANNOT_NORMALIZE_VALUE Cannot normalize the wrapped value ERR_04226 I do not know how to handle NameAndOptionalUID normalization with objects of class: dhcpOptionsDN
[11:39:54] INFO [org.apache.directory.api.ldap.model.entry.AbstractValue] - ERR_04447_CANNOT_NORMALIZE_VALUE Cannot normalize the wrapped value ERR_04226 I do not know how to handle NameAndOptionalUID normalization with objects of class: dhcpStatements
[11:39:54] INFO [org.apache.directory.api.ldap.model.entry.AbstractValue] - ERR_04447_CANNOT_NORMALIZE_VALUE Cannot normalize the wrapped value ERR_04226 I do not know how to handle NameAndOptionalUID normalization with objects of class: dhcpNetMask
[11:39:54] INFO [org.apache.directory.api.ldap.model.entry.AbstractValue] - ERR_04447_CANNOT_NORMALIZE_VALUE Cannot normalize the wrapped value ERR_04226 I do not know how to handle NameAndOptionalUID normalization with objects of class: dhcpClassesDN
[11:39:54] INFO [org.apache.directory.api.ldap.model.entry.AbstractValue] - ERR_04447_CANNOT_NORMALIZE_VALUE Cannot normalize the wrapped value ERR_04226 I do not know how to handle NameAndOptionalUID normalization with objects of class: dhcpPermitList
[11:39:54] INFO [org.apache.directory.api.ldap.model.entry.AbstractValue] - ERR_04447_CANNOT_NORMALIZE_VALUE Cannot normalize the wrapped value ERR_04226 I do not know how to handle NameAndOptionalUID normalization with objects of class: dhcpLeasesDN
[11:39:54] INFO [org.apache.directory.api.ldap.model.entry.AbstractValue] - ERR_04447_CANNOT_NORMALIZE_VALUE Cannot normalize the wrapped value ERR_04226 I do not know how to handle NameAndOptionalUID normalization with objects of class: dhcpOptionsDN
[11:39:54] INFO [org.apache.directory.api.ldap.model.entry.AbstractValue] - ERR_04447_CANNOT_NORMALIZE_VALUE Cannot normalize the wrapped value ERR_04226 I do not know how to handle NameAndOptionalUID normalization with objects of class: dhcpStatements
[11:39:54] INFO [org.apache.directory.api.ldap.model.entry.AbstractValue] - ERR_04447_CANNOT_NORMALIZE_VALUE Cannot normalize the wrapped value ERR_04226 I do not know how to handle NameAndOptionalUID normalization with objects of class: dhcpRange
[11:39:54] INFO [org.apache.directory.api.ldap.model.entry.AbstractValue] - ERR_04447_CANNOT_NORMALIZE_VALUE Cannot normalize the wrapped value ERR_04226 I do not know how to handle NameAndOptionalUID normalization with objects of class: dhcpHostDN
[11:39:54] INFO [org.apache.directory.api.ldap.model.entry.AbstractValue] - ERR_04447_CANNOT_NORMALIZE_VALUE Cannot normalize the wrapped value ERR_04226 I do not know how to handle NameAndOptionalUID normalization with objects of class: dhcpOptionsDN
[11:39:54] INFO [org.apache.directory.api.ldap.model.entry.AbstractValue] - ERR_04447_CANNOT_NORMALIZE_VALUE Cannot normalize the wrapped value ERR_04226 I do not know how to handle NameAndOptionalUID normalization with objects of class: dhcpStatements
[11:39:54] INFO [org.apache.directory.api.ldap.model.entry.AbstractValue] - ERR_04447_CANNOT_NORMALIZE_VALUE Cannot normalize the wrapped value ERR_04226 I do not know how to handle NameAndOptionalUID normalization with objects of class: dhcpLeaseDN
[11:39:54] INFO [org.apache.directory.api.ldap.model.entry.AbstractValue] - ERR_04447_CANNOT_NORMALIZE_VALUE Cannot normalize the wrapped value ERR_04226 I do not know how to handle NameAndOptionalUID normalization with objects of class: dhcpHWAddress
[11:39:54] INFO [org.apache.directory.api.ldap.model.entry.AbstractValue] - ERR_04447_CANNOT_NORMALIZE_VALUE Cannot normalize the wrapped value ERR_04226 I do not know how to handle NameAndOptionalUID normalization with objects of class: dhcpOptionsDN
[11:39:54] INFO [org.apache.directory.api.ldap.model.entry.AbstractValue] - ERR_04447_CANNOT_NORMALIZE_VALUE Cannot normalize the wrapped value ERR_04226 I do not know how to handle NameAndOptionalUID normalization with objects of class: dhcpStatements
[11:39:54] INFO [org.apache.directory.api.ldap.model.entry.AbstractValue] - ERR_04447_CANNOT_NORMALIZE_VALUE Cannot normalize the wrapped value ERR_04226 I do not know how to handle NameAndOptionalUID normalization with objects of class: dhcpSubclassesDN
[11:39:54] INFO [org.apache.directory.api.ldap.model.entry.AbstractValue] - ERR_04447_CANNOT_NORMALIZE_VALUE Cannot normalize the wrapped value ERR_04226 I do not know how to handle NameAndOptionalUID normalization with objects of class: dhcpOptionsDN
[11:39:54] INFO [org.apache.directory.api.ldap.model.entry.AbstractValue] - ERR_04447_CANNOT_NORMALIZE_VALUE Cannot normalize the wrapped value ERR_04226 I do not know how to handle NameAndOptionalUID normalization with objects of class: dhcpStatements
[11:39:54] INFO [org.apache.directory.api.ldap.model.entry.AbstractValue] - ERR_04447_CANNOT_NORMALIZE_VALUE Cannot normalize the wrapped value ERR_04226 I do not know how to handle NameAndOptionalUID normalization with objects of class: dhcpClassData
[11:39:54] INFO [org.apache.directory.api.ldap.model.entry.AbstractValue] - ERR_04447_CANNOT_NORMALIZE_VALUE Cannot normalize the wrapped value ERR_04226 I do not know how to handle NameAndOptionalUID normalization with objects of class: dhcpOptionsDN
[11:39:54] INFO [org.apache.directory.api.ldap.model.entry.AbstractValue] - ERR_04447_CANNOT_NORMALIZE_VALUE Cannot normalize the wrapped value ERR_04226 I do not know how to handle NameAndOptionalUID normalization with objects of class: dhcpStatements
[11:39:54] INFO [org.apache.directory.api.ldap.model.entry.AbstractValue] - ERR_04447_CANNOT_NORMALIZE_VALUE Cannot normalize the wrapped value ERR_04226 I do not know how to handle NameAndOptionalUID normalization with objects of class: dhcpOption
[11:39:54] INFO [org.apache.directory.api.ldap.model.entry.AbstractValue] - ERR_04447_CANNOT_NORMALIZE_VALUE Cannot normalize the wrapped value ERR_04226 I do not know how to handle NameAndOptionalUID normalization with objects of class: xmozillanickname
[11:39:54] INFO [org.apache.directory.api.ldap.model.entry.AbstractValue] - ERR_04447_CANNOT_NORMALIZE_VALUE Cannot normalize the wrapped value ERR_04226 I do not know how to handle NameAndOptionalUID normalization with objects of class: xmozillausehtmlmail
[11:39:54] INFO [org.apache.directory.api.ldap.model.entry.AbstractValue] - ERR_04447_CANNOT_NORMALIZE_VALUE Cannot normalize the wrapped value ERR_04226 I do not know how to handle NameAndOptionalUID normalization with objects of class: mozillaSecondEmail
[11:39:54] INFO [org.apache.directory.api.ldap.model.entry.AbstractValue] - ERR_04447_CANNOT_NORMALIZE_VALUE Cannot normalize the wrapped value ERR_04226 I do not know how to handle NameAndOptionalUID normalization with objects of class: mozillaPostalAddress2
[11:39:54] INFO [org.apache.directory.api.ldap.model.entry.AbstractValue] - ERR_04447_CANNOT_NORMALIZE_VALUE Cannot normalize the wrapped value ERR_04226 I do not know how to handle NameAndOptionalUID normalization with objects of class: mozillaHomePostalAddress2
[11:39:54] INFO [org.apache.directory.api.ldap.model.entry.AbstractValue] - ERR_04447_CANNOT_NORMALIZE_VALUE Cannot normalize the wrapped value ERR_04226 I do not know how to handle NameAndOptionalUID normalization with objects of class: mozillaHomeLocalityName
[11:39:54] INFO [org.apache.directory.api.ldap.model.entry.AbstractValue] - ERR_04447_CANNOT_NORMALIZE_VALUE Cannot normalize the wrapped value ERR_04226 I do not know how to handle NameAndOptionalUID normalization with objects of class: mozillaHomeState
[11:39:54] INFO [org.apache.directory.api.ldap.model.entry.AbstractValue] - ERR_04447_CANNOT_NORMALIZE_VALUE Cannot normalize the wrapped value ERR_04226 I do not know how to handle NameAndOptionalUID normalization with objects of class: mozillaHomePostalCode
[11:39:54] INFO [org.apache.directory.api.ldap.model.entry.AbstractValue] - ERR_04447_CANNOT_NORMALIZE_VALUE Cannot normalize the wrapped value ERR_04226 I do not know how to handle NameAndOptionalUID normalization with objects of class: mozillaHomeCountryName
[11:39:54] INFO [org.apache.directory.api.ldap.model.entry.AbstractValue] - ERR_04447_CANNOT_NORMALIZE_VALUE Cannot normalize the wrapped value ERR_04226 I do not know how to handle NameAndOptionalUID normalization with objects of class: mozillaHomeFriendlyCountryName
[11:39:54] INFO [org.apache.directory.api.ldap.model.entry.AbstractValue] - ERR_04447_CANNOT_NORMALIZE_VALUE Cannot normalize the wrapped value ERR_04226 I do not know how to handle NameAndOptionalUID normalization with objects of class: homeurl
[11:39:54] INFO [org.apache.directory.api.ldap.model.entry.AbstractValue] - ERR_04447_CANNOT_NORMALIZE_VALUE Cannot normalize the wrapped value ERR_04226 I do not know how to handle NameAndOptionalUID normalization with objects of class: workurl
[11:39:54] INFO [org.apache.directory.api.ldap.model.entry.AbstractValue] - ERR_04447_CANNOT_NORMALIZE_VALUE Cannot normalize the wrapped value ERR_04226 I do not know how to handle NameAndOptionalUID normalization with objects of class: custom1
[11:39:54] INFO [org.apache.directory.api.ldap.model.entry.AbstractValue] - ERR_04447_CANNOT_NORMALIZE_VALUE Cannot normalize the wrapped value ERR_04226 I do not know how to handle NameAndOptionalUID normalization with objects of class: custom2
[11:39:54] INFO [org.apache.directory.api.ldap.model.entry.AbstractValue] - ERR_04447_CANNOT_NORMALIZE_VALUE Cannot normalize the wrapped value ERR_04226 I do not know how to handle NameAndOptionalUID normalization with objects of class: custom3
[11:39:54] INFO [org.apache.directory.api.ldap.model.entry.AbstractValue] - ERR_04447_CANNOT_NORMALIZE_VALUE Cannot normalize the wrapped value ERR_04226 I do not know how to handle NameAndOptionalUID normalization with objects of class: custom4
[11:39:54] INFO [org.apache.directory.api.ldap.model.entry.AbstractValue] - ERR_04447_CANNOT_NORMALIZE_VALUE Cannot normalize the wrapped value ERR_04226 I do not know how to handle NameAndOptionalUID normalization with objects of class: nsAIMid
[11:39:54] INFO [org.apache.directory.api.ldap.model.entry.AbstractValue] - ERR_04447_CANNOT_NORMALIZE_VALUE Cannot normalize the wrapped value ERR_04226 I do not know how to handle NameAndOptionalUID normalization with objects of class: caseExactIA5SubstringsMatch
[11:39:54] INFO [org.apache.directory.api.ldap.model.entry.AbstractValue] - ERR_04447_CANNOT_NORMALIZE_VALUE Cannot normalize the wrapped value ERR_04226 I do not know how to handle NameAndOptionalUID normalization with objects of class: caseExactIA5SubstringsMatch
[11:39:54] INFO [org.apache.directory.api.ldap.model.entry.AbstractValue] - ERR_04447_CANNOT_NORMALIZE_VALUE Cannot normalize the wrapped value ERR_04226 I do not know how to handle NameAndOptionalUID normalization with objects of class: caseExactIA5SubstringsMatch
[11:39:54] INFO [org.apache.directory.api.ldap.model.entry.AbstractValue] - ERR_04447_CANNOT_NORMALIZE_VALUE Cannot normalize the wrapped value ERR_04226 I do not know how to handle NameAndOptionalUID normalization with objects of class: loginShell
[11:39:54] INFO [org.apache.directory.api.ldap.model.entry.AbstractValue] - ERR_04447_CANNOT_NORMALIZE_VALUE Cannot normalize the wrapped value ERR_04226 I do not know how to handle NameAndOptionalUID normalization with objects of class: gecos
[11:39:54] INFO [org.apache.directory.api.ldap.model.entry.AbstractValue] - ERR_04447_CANNOT_NORMALIZE_VALUE Cannot normalize the wrapped value ERR_04226 I do not know how to handle NameAndOptionalUID normalization with objects of class: uidNumber
[11:39:54] INFO [org.apache.directory.api.ldap.model.entry.AbstractValue] - ERR_04447_CANNOT_NORMALIZE_VALUE Cannot normalize the wrapped value ERR_04226 I do not know how to handle NameAndOptionalUID normalization with objects of class: gidNumber
[11:39:54] INFO [org.apache.directory.api.ldap.model.entry.AbstractValue] - ERR_04447_CANNOT_NORMALIZE_VALUE Cannot normalize the wrapped value ERR_04226 I do not know how to handle NameAndOptionalUID normalization with objects of class: homeDirectory
[11:39:54] INFO [org.apache.directory.api.ldap.model.entry.AbstractValue] - ERR_04447_CANNOT_NORMALIZE_VALUE Cannot normalize the wrapped value ERR_04226 I do not know how to handle NameAndOptionalUID normalization with objects of class: shadowLastChange
[11:39:54] INFO [org.apache.directory.api.ldap.model.entry.AbstractValue] - ERR_04447_CANNOT_NORMALIZE_VALUE Cannot normalize the wrapped value ERR_04226 I do not know how to handle NameAndOptionalUID normalization with objects of class: shadowMin
[11:39:54] INFO [org.apache.directory.api.ldap.model.entry.AbstractValue] - ERR_04447_CANNOT_NORMALIZE_VALUE Cannot normalize the wrapped value ERR_04226 I do not know how to handle NameAndOptionalUID normalization with objects of class: shadowMax
[11:39:54] INFO [org.apache.directory.api.ldap.model.entry.AbstractValue] - ERR_04447_CANNOT_NORMALIZE_VALUE Cannot normalize the wrapped value ERR_04226 I do not know how to handle NameAndOptionalUID normalization with objects of class: shadowWarning
[11:39:54] INFO [org.apache.directory.api.ldap.model.entry.AbstractValue] - ERR_04447_CANNOT_NORMALIZE_VALUE Cannot normalize the wrapped value ERR_04226 I do not know how to handle NameAndOptionalUID normalization with objects of class: shadowInactive
[11:39:54] INFO [org.apache.directory.api.ldap.model.entry.AbstractValue] - ERR_04447_CANNOT_NORMALIZE_VALUE Cannot normalize the wrapped value ERR_04226 I do not know how to handle NameAndOptionalUID normalization with objects of class: shadowExpire
[11:39:54] INFO [org.apache.directory.api.ldap.model.entry.AbstractValue] - ERR_04447_CANNOT_NORMALIZE_VALUE Cannot normalize the wrapped value ERR_04226 I do not know how to handle NameAndOptionalUID normalization with objects of class: shadowFlag
[11:39:54] INFO [org.apache.directory.api.ldap.model.entry.AbstractValue] - ERR_04447_CANNOT_NORMALIZE_VALUE Cannot normalize the wrapped value ERR_04226 I do not know how to handle NameAndOptionalUID normalization with objects of class: nisMapEntry
[11:39:54] INFO [org.apache.directory.api.ldap.model.entry.AbstractValue] - ERR_04447_CANNOT_NORMALIZE_VALUE Cannot normalize the wrapped value ERR_04226 I do not know how to handle NameAndOptionalUID normalization with objects of class: nisMapName
[11:39:54] INFO [org.apache.directory.api.ldap.model.entry.AbstractValue] - ERR_04447_CANNOT_NORMALIZE_VALUE Cannot normalize the wrapped value ERR_04226 I do not know how to handle NameAndOptionalUID normalization with objects of class: macAddress
[11:39:54] INFO [org.apache.directory.api.ldap.model.entry.AbstractValue] - ERR_04447_CANNOT_NORMALIZE_VALUE Cannot normalize the wrapped value ERR_04226 I do not know how to handle NameAndOptionalUID normalization with objects of class: bootFile
[11:39:54] INFO [org.apache.directory.api.ldap.model.entry.AbstractValue] - ERR_04447_CANNOT_NORMALIZE_VALUE Cannot normalize the wrapped value ERR_04226 I do not know how to handle NameAndOptionalUID normalization with objects of class: bootParameter
[11:39:54] INFO [org.apache.directory.api.ldap.model.entry.AbstractValue] - ERR_04447_CANNOT_NORMALIZE_VALUE Cannot normalize the wrapped value ERR_04226 I do not know how to handle NameAndOptionalUID normalization with objects of class: memberUid
[11:39:54] INFO [org.apache.directory.api.ldap.model.entry.AbstractValue] - ERR_04447_CANNOT_NORMALIZE_VALUE Cannot normalize the wrapped value ERR_04226 I do not know how to handle NameAndOptionalUID normalization with objects of class: gidNumber
[11:39:54] INFO [org.apache.directory.api.ldap.model.entry.AbstractValue] - ERR_04447_CANNOT_NORMALIZE_VALUE Cannot normalize the wrapped value ERR_04226 I do not know how to handle NameAndOptionalUID normalization with objects of class: ipServicePort
[11:39:54] INFO [org.apache.directory.api.ldap.model.entry.AbstractValue] - ERR_04447_CANNOT_NORMALIZE_VALUE Cannot normalize the wrapped value ERR_04226 I do not know how to handle NameAndOptionalUID normalization with objects of class: ipServiceProtocol
[11:39:54] INFO [org.apache.directory.api.ldap.model.entry.AbstractValue] - ERR_04447_CANNOT_NORMALIZE_VALUE Cannot normalize the wrapped value ERR_04226 I do not know how to handle NameAndOptionalUID normalization with objects of class: ipProtocolNumber
[11:39:54] INFO [org.apache.directory.api.ldap.model.entry.AbstractValue] - ERR_04447_CANNOT_NORMALIZE_VALUE Cannot normalize the wrapped value ERR_04226 I do not know how to handle NameAndOptionalUID normalization with objects of class: oncRpcNumber
[11:39:54] INFO [org.apache.directory.api.ldap.model.entry.AbstractValue] - ERR_04447_CANNOT_NORMALIZE_VALUE Cannot normalize the wrapped value ERR_04226 I do not know how to handle NameAndOptionalUID normalization with objects of class: ipHostNumber
[11:39:54] INFO [org.apache.directory.api.ldap.model.entry.AbstractValue] - ERR_04447_CANNOT_NORMALIZE_VALUE Cannot normalize the wrapped value ERR_04226 I do not know how to handle NameAndOptionalUID normalization with objects of class: ipNetmaskNumber
[11:39:54] INFO [org.apache.directory.api.ldap.model.entry.AbstractValue] - ERR_04447_CANNOT_NORMALIZE_VALUE Cannot normalize the wrapped value ERR_04226 I do not know how to handle NameAndOptionalUID normalization with objects of class: ipNetworkNumber
[11:39:54] INFO [org.apache.directory.api.ldap.model.entry.AbstractValue] - ERR_04447_CANNOT_NORMALIZE_VALUE Cannot normalize the wrapped value ERR_04226 I do not know how to handle NameAndOptionalUID normalization with objects of class: nisNetgroupTriple
[11:39:54] INFO [org.apache.directory.api.ldap.model.entry.AbstractValue] - ERR_04447_CANNOT_NORMALIZE_VALUE Cannot normalize the wrapped value ERR_04226 I do not know how to handle NameAndOptionalUID normalization with objects of class: memberNisNetgroup
[11:39:54] INFO [org.apache.directory.api.ldap.model.entry.AbstractValue] - ERR_04447_CANNOT_NORMALIZE_VALUE Cannot normalize the wrapped value ERR_04226 I do not know how to handle NameAndOptionalUID normalization with objects of class: nisMapName
[11:39:54] INFO [org.apache.directory.api.ldap.model.ldif.LdifReader] - No version information : assuming version: 1
[11:39:54] INFO [org.apache.directory.api.ldap.model.ldif.LdifReader] - No version information : assuming version: 1
[11:39:54] INFO [org.apache.directory.api.ldap.model.ldif.LdifReader] - No version information : assuming version: 1
[11:39:54] INFO [org.apache.directory.api.ldap.model.entry.AbstractValue] - ERR_04447_CANNOT_NORMALIZE_VALUE Cannot normalize the wrapped value ERR_04226 I do not know how to handle NameAndOptionalUID normalization with objects of class: caseExactIA5SubstringsMatch
[11:39:54] INFO [org.apache.directory.api.ldap.model.ldif.LdifReader] - No version information : assuming version: 1
[11:39:54] INFO [org.apache.directory.api.ldap.model.entry.AbstractValue] - ERR_04447_CANNOT_NORMALIZE_VALUE Cannot normalize the wrapped value ERR_04226 I do not know how to handle NameAndOptionalUID normalization with objects of class: caseExactIA5SubstringsMatch
[11:39:54] INFO [org.apache.directory.api.ldap.model.ldif.LdifReader] - No version information : assuming version: 1
[11:39:54] INFO [org.apache.directory.api.ldap.model.entry.AbstractValue] - ERR_04447_CANNOT_NORMALIZE_VALUE Cannot normalize the wrapped value ERR_04226 I do not know how to handle NameAndOptionalUID normalization with objects of class: uidNumber
[11:39:54] INFO [org.apache.directory.api.ldap.model.entry.AbstractValue] - ERR_04447_CANNOT_NORMALIZE_VALUE Cannot normalize the wrapped value ERR_04226 I do not know how to handle NameAndOptionalUID normalization with objects of class: nisPublicKey
[11:39:54] INFO [org.apache.directory.api.ldap.model.entry.AbstractValue] - ERR_04447_CANNOT_NORMALIZE_VALUE Cannot normalize the wrapped value ERR_04226 I do not know how to handle NameAndOptionalUID normalization with objects of class: nisSecretKey
[11:39:54] INFO [org.apache.directory.api.ldap.model.ldif.LdifReader] - No version information : assuming version: 1
[11:39:54] INFO [org.apache.directory.api.ldap.model.entry.AbstractValue] - ERR_04447_CANNOT_NORMALIZE_VALUE Cannot normalize the wrapped value ERR_04226 I do not know how to handle NameAndOptionalUID normalization with objects of class: nisDomain
[11:39:54] INFO [org.apache.directory.api.ldap.model.ldif.LdifReader] - No version information : assuming version: 1
[11:39:54] INFO [org.apache.directory.api.ldap.model.entry.AbstractValue] - ERR_04447_CANNOT_NORMALIZE_VALUE Cannot normalize the wrapped value ERR_04226 I do not know how to handle NameAndOptionalUID normalization with objects of class: sambaShareName
[11:39:54] INFO [org.apache.directory.api.ldap.model.entry.AbstractValue] - ERR_04447_CANNOT_NORMALIZE_VALUE Cannot normalize the wrapped value ERR_04226 I do not know how to handle NameAndOptionalUID normalization with objects of class: sambaBoolOption
[11:39:54] INFO [org.apache.directory.api.ldap.model.entry.AbstractValue] - ERR_04447_CANNOT_NORMALIZE_VALUE Cannot normalize the wrapped value ERR_04226 I do not know how to handle NameAndOptionalUID normalization with objects of class: sambaIntegerOption
[11:39:54] INFO [org.apache.directory.api.ldap.model.entry.AbstractValue] - ERR_04447_CANNOT_NORMALIZE_VALUE Cannot normalize the wrapped value ERR_04226 I do not know how to handle NameAndOptionalUID normalization with objects of class: sambaStringListOption
[11:39:54] INFO [org.apache.directory.api.ldap.model.entry.AbstractValue] - ERR_04447_CANNOT_NORMALIZE_VALUE Cannot normalize the wrapped value ERR_04226 I do not know how to handle NameAndOptionalUID normalization with objects of class: sambaStringOption
[11:39:54] INFO [org.apache.directory.api.ldap.model.entry.AbstractValue] - ERR_04447_CANNOT_NORMALIZE_VALUE Cannot normalize the wrapped value ERR_04226 I do not know how to handle NameAndOptionalUID normalization with objects of class: sambaOptionName
[11:39:54] INFO [org.apache.directory.api.ldap.model.entry.AbstractValue] - ERR_04447_CANNOT_NORMALIZE_VALUE Cannot normalize the wrapped value ERR_04226 I do not know how to handle NameAndOptionalUID normalization with objects of class: sambaPrivilegeList
[11:39:54] INFO [org.apache.directory.api.ldap.model.entry.AbstractValue] - ERR_04447_CANNOT_NORMALIZE_VALUE Cannot normalize the wrapped value ERR_04226 I do not know how to handle NameAndOptionalUID normalization with objects of class: sambaSID
[11:39:54] INFO [org.apache.directory.api.ldap.model.entry.AbstractValue] - ERR_04447_CANNOT_NORMALIZE_VALUE Cannot normalize the wrapped value ERR_04226 I do not know how to handle NameAndOptionalUID normalization with objects of class: sambaPwdLastSet
[11:39:54] INFO [org.apache.directory.api.ldap.model.entry.AbstractValue] - ERR_04447_CANNOT_NORMALIZE_VALUE Cannot normalize the wrapped value ERR_04226 I do not know how to handle NameAndOptionalUID normalization with objects of class: sambaSID
[11:39:54] INFO [org.apache.directory.api.ldap.model.entry.AbstractValue] - ERR_04447_CANNOT_NORMALIZE_VALUE Cannot normalize the wrapped value ERR_04226 I do not know how to handle NameAndOptionalUID normalization with objects of class: sambaDomainName
[11:39:54] INFO [org.apache.directory.api.ldap.model.entry.AbstractValue] - ERR_04447_CANNOT_NORMALIZE_VALUE Cannot normalize the wrapped value ERR_04226 I do not know how to handle NameAndOptionalUID normalization with objects of class: sambaNTPassword
[11:39:54] INFO [org.apache.directory.api.ldap.model.entry.AbstractValue] - ERR_04447_CANNOT_NORMALIZE_VALUE Cannot normalize the wrapped value ERR_04226 I do not know how to handle NameAndOptionalUID normalization with objects of class: sambaTrustFlags
[11:39:54] INFO [org.apache.directory.api.ldap.model.entry.AbstractValue] - ERR_04447_CANNOT_NORMALIZE_VALUE Cannot normalize the wrapped value ERR_04226 I do not know how to handle NameAndOptionalUID normalization with objects of class: sambaSIDList
[11:39:54] INFO [org.apache.directory.api.ldap.model.entry.AbstractValue] - ERR_04447_CANNOT_NORMALIZE_VALUE Cannot normalize the wrapped value ERR_04226 I do not know how to handle NameAndOptionalUID normalization with objects of class: gidNumber
[11:39:54] INFO [org.apache.directory.api.ldap.model.entry.AbstractValue] - ERR_04447_CANNOT_NORMALIZE_VALUE Cannot normalize the wrapped value ERR_04226 I do not know how to handle NameAndOptionalUID normalization with objects of class: sambaGroupType
[11:39:54] INFO [org.apache.directory.api.ldap.model.entry.AbstractValue] - ERR_04447_CANNOT_NORMALIZE_VALUE Cannot normalize the wrapped value ERR_04226 I do not know how to handle NameAndOptionalUID normalization with objects of class: sambaSID
[11:39:54] INFO [org.apache.directory.api.ldap.model.entry.AbstractValue] - ERR_04447_CANNOT_NORMALIZE_VALUE Cannot normalize the wrapped value ERR_04226 I do not know how to handle NameAndOptionalUID normalization with objects of class: sambaAlgorithmicRidBase
[11:39:54] INFO [org.apache.directory.api.ldap.model.entry.AbstractValue] - ERR_04447_CANNOT_NORMALIZE_VALUE Cannot normalize the wrapped value ERR_04226 I do not know how to handle NameAndOptionalUID normalization with objects of class: sambaForceLogoff
[11:39:54] INFO [org.apache.directory.api.ldap.model.entry.AbstractValue] - ERR_04447_CANNOT_NORMALIZE_VALUE Cannot normalize the wrapped value ERR_04226 I do not know how to handle NameAndOptionalUID normalization with objects of class: sambaLockoutDuration
[11:39:54] INFO [org.apache.directory.api.ldap.model.entry.AbstractValue] - ERR_04447_CANNOT_NORMALIZE_VALUE Cannot normalize the wrapped value ERR_04226 I do not know how to handle NameAndOptionalUID normalization with objects of class: sambaLockoutObservationWindow
[11:39:54] INFO [org.apache.directory.api.ldap.model.entry.AbstractValue] - ERR_04447_CANNOT_NORMALIZE_VALUE Cannot normalize the wrapped value ERR_04226 I do not know how to handle NameAndOptionalUID normalization with objects of class: sambaLockoutThreshold
[11:39:54] INFO [org.apache.directory.api.ldap.model.entry.AbstractValue] - ERR_04447_CANNOT_NORMALIZE_VALUE Cannot normalize the wrapped value ERR_04226 I do not know how to handle NameAndOptionalUID normalization with objects of class: sambaLogonToChgPwd
[11:39:54] INFO [org.apache.directory.api.ldap.model.entry.AbstractValue] - ERR_04447_CANNOT_NORMALIZE_VALUE Cannot normalize the wrapped value ERR_04226 I do not know how to handle NameAndOptionalUID normalization with objects of class: sambaMaxPwdAge
[11:39:54] INFO [org.apache.directory.api.ldap.model.entry.AbstractValue] - ERR_04447_CANNOT_NORMALIZE_VALUE Cannot normalize the wrapped value ERR_04226 I do not know how to handle NameAndOptionalUID normalization with objects of class: sambaMinPwdAge
[11:39:54] INFO [org.apache.directory.api.ldap.model.entry.AbstractValue] - ERR_04447_CANNOT_NORMALIZE_VALUE Cannot normalize the wrapped value ERR_04226 I do not know how to handle NameAndOptionalUID normalization with objects of class: sambaMinPwdLength
[11:39:54] INFO [org.apache.directory.api.ldap.model.entry.AbstractValue] - ERR_04447_CANNOT_NORMALIZE_VALUE Cannot normalize the wrapped value ERR_04226 I do not know how to handle NameAndOptionalUID normalization with objects of class: sambaNextGroupRid
[11:39:54] INFO [org.apache.directory.api.ldap.model.entry.AbstractValue] - ERR_04447_CANNOT_NORMALIZE_VALUE Cannot normalize the wrapped value ERR_04226 I do not know how to handle NameAndOptionalUID normalization with objects of class: sambaNextRid
[11:39:54] INFO [org.apache.directory.api.ldap.model.entry.AbstractValue] - ERR_04447_CANNOT_NORMALIZE_VALUE Cannot normalize the wrapped value ERR_04226 I do not know how to handle NameAndOptionalUID normalization with objects of class: sambaNextUserRid
[11:39:54] INFO [org.apache.directory.api.ldap.model.entry.AbstractValue] - ERR_04447_CANNOT_NORMALIZE_VALUE Cannot normalize the wrapped value ERR_04226 I do not know how to handle NameAndOptionalUID normalization with objects of class: sambaPwdHistoryLength
[11:39:54] INFO [org.apache.directory.api.ldap.model.entry.AbstractValue] - ERR_04447_CANNOT_NORMALIZE_VALUE Cannot normalize the wrapped value ERR_04226 I do not know how to handle NameAndOptionalUID normalization with objects of class: sambaRefuseMachinePwdChange
[11:39:54] INFO [org.apache.directory.api.ldap.model.entry.AbstractValue] - ERR_04447_CANNOT_NORMALIZE_VALUE Cannot normalize the wrapped value ERR_04226 I do not know how to handle NameAndOptionalUID normalization with objects of class: sambaDomainName
[11:39:54] INFO [org.apache.directory.api.ldap.model.entry.AbstractValue] - ERR_04447_CANNOT_NORMALIZE_VALUE Cannot normalize the wrapped value ERR_04226 I do not know how to handle NameAndOptionalUID normalization with objects of class: sambaSID
[11:39:54] INFO [org.apache.directory.api.ldap.model.entry.AbstractValue] - ERR_04447_CANNOT_NORMALIZE_VALUE Cannot normalize the wrapped value ERR_04226 I do not know how to handle NameAndOptionalUID normalization with objects of class: sambaAcctFlags
[11:39:54] INFO [org.apache.directory.api.ldap.model.entry.AbstractValue] - ERR_04447_CANNOT_NORMALIZE_VALUE Cannot normalize the wrapped value ERR_04226 I do not know how to handle NameAndOptionalUID normalization with objects of class: sambaBadPasswordCount
[11:39:54] INFO [org.apache.directory.api.ldap.model.entry.AbstractValue] - ERR_04447_CANNOT_NORMALIZE_VALUE Cannot normalize the wrapped value ERR_04226 I do not know how to handle NameAndOptionalUID normalization with objects of class: sambaBadPasswordTime
[11:39:54] INFO [org.apache.directory.api.ldap.model.entry.AbstractValue] - ERR_04447_CANNOT_NORMALIZE_VALUE Cannot normalize the wrapped value ERR_04226 I do not know how to handle NameAndOptionalUID normalization with objects of class: sambaDomainName
[11:39:54] INFO [org.apache.directory.api.ldap.model.entry.AbstractValue] - ERR_04447_CANNOT_NORMALIZE_VALUE Cannot normalize the wrapped value ERR_04226 I do not know how to handle NameAndOptionalUID normalization with objects of class: sambaHomeDrive
[11:39:54] INFO [org.apache.directory.api.ldap.model.entry.AbstractValue] - ERR_04447_CANNOT_NORMALIZE_VALUE Cannot normalize the wrapped value ERR_04226 I do not know how to handle NameAndOptionalUID normalization with objects of class: sambaHomePath
[11:39:54] INFO [org.apache.directory.api.ldap.model.entry.AbstractValue] - ERR_04447_CANNOT_NORMALIZE_VALUE Cannot normalize the wrapped value ERR_04226 I do not know how to handle NameAndOptionalUID normalization with objects of class: sambaKickoffTime
[11:39:54] INFO [org.apache.directory.api.ldap.model.entry.AbstractValue] - ERR_04447_CANNOT_NORMALIZE_VALUE Cannot normalize the wrapped value ERR_04226 I do not know how to handle NameAndOptionalUID normalization with objects of class: sambaLMPassword
[11:39:54] INFO [org.apache.directory.api.ldap.model.entry.AbstractValue] - ERR_04447_CANNOT_NORMALIZE_VALUE Cannot normalize the wrapped value ERR_04226 I do not know how to handle NameAndOptionalUID normalization with objects of class: sambaLogoffTime
[11:39:54] INFO [org.apache.directory.api.ldap.model.entry.AbstractValue] - ERR_04447_CANNOT_NORMALIZE_VALUE Cannot normalize the wrapped value ERR_04226 I do not know how to handle NameAndOptionalUID normalization with objects of class: sambaLogonHours
[11:39:54] INFO [org.apache.directory.api.ldap.model.entry.AbstractValue] - ERR_04447_CANNOT_NORMALIZE_VALUE Cannot normalize the wrapped value ERR_04226 I do not know how to handle NameAndOptionalUID normalization with objects of class: sambaLogonScript
[11:39:54] INFO [org.apache.directory.api.ldap.model.entry.AbstractValue] - ERR_04447_CANNOT_NORMALIZE_VALUE Cannot normalize the wrapped value ERR_04226 I do not know how to handle NameAndOptionalUID normalization with objects of class: sambaLogonTime
[11:39:54] INFO [org.apache.directory.api.ldap.model.entry.AbstractValue] - ERR_04447_CANNOT_NORMALIZE_VALUE Cannot normalize the wrapped value ERR_04226 I do not know how to handle NameAndOptionalUID normalization with objects of class: sambaMungedDial
[11:39:54] INFO [org.apache.directory.api.ldap.model.entry.AbstractValue] - ERR_04447_CANNOT_NORMALIZE_VALUE Cannot normalize the wrapped value ERR_04226 I do not know how to handle NameAndOptionalUID normalization with objects of class: sambaNTPassword
[11:39:54] INFO [org.apache.directory.api.ldap.model.entry.AbstractValue] - ERR_04447_CANNOT_NORMALIZE_VALUE Cannot normalize the wrapped value ERR_04226 I do not know how to handle NameAndOptionalUID normalization with objects of class: sambaPasswordHistory
[11:39:54] INFO [org.apache.directory.api.ldap.model.entry.AbstractValue] - ERR_04447_CANNOT_NORMALIZE_VALUE Cannot normalize the wrapped value ERR_04226 I do not know how to handle NameAndOptionalUID normalization with objects of class: sambaPrimaryGroupSID
[11:39:54] INFO [org.apache.directory.api.ldap.model.entry.AbstractValue] - ERR_04447_CANNOT_NORMALIZE_VALUE Cannot normalize the wrapped value ERR_04226 I do not know how to handle NameAndOptionalUID normalization with objects of class: sambaProfilePath
[11:39:54] INFO [org.apache.directory.api.ldap.model.entry.AbstractValue] - ERR_04447_CANNOT_NORMALIZE_VALUE Cannot normalize the wrapped value ERR_04226 I do not know how to handle NameAndOptionalUID normalization with objects of class: sambaPwdCanChange
[11:39:54] INFO [org.apache.directory.api.ldap.model.entry.AbstractValue] - ERR_04447_CANNOT_NORMALIZE_VALUE Cannot normalize the wrapped value ERR_04226 I do not know how to handle NameAndOptionalUID normalization with objects of class: sambaPwdLastSet
[11:39:54] INFO [org.apache.directory.api.ldap.model.entry.AbstractValue] - ERR_04447_CANNOT_NORMALIZE_VALUE Cannot normalize the wrapped value ERR_04226 I do not know how to handle NameAndOptionalUID normalization with objects of class: sambaPwdMustChange
[11:39:54] INFO [org.apache.directory.api.ldap.model.entry.AbstractValue] - ERR_04447_CANNOT_NORMALIZE_VALUE Cannot normalize the wrapped value ERR_04226 I do not know how to handle NameAndOptionalUID normalization with objects of class: sambaUserWorkstations
[11:39:54] INFO [org.apache.directory.api.ldap.model.entry.AbstractValue] - ERR_04447_CANNOT_NORMALIZE_VALUE Cannot normalize the wrapped value ERR_04226 I do not know how to handle NameAndOptionalUID normalization with objects of class: sambaSID
[11:39:54] INFO [org.apache.directory.api.ldap.model.entry.AbstractValue] - ERR_04447_CANNOT_NORMALIZE_VALUE Cannot normalize the wrapped value ERR_04226 I do not know how to handle NameAndOptionalUID normalization with objects of class: gidNumber
[11:39:54] INFO [org.apache.directory.api.ldap.model.entry.AbstractValue] - ERR_04447_CANNOT_NORMALIZE_VALUE Cannot normalize the wrapped value ERR_04226 I do not know how to handle NameAndOptionalUID normalization with objects of class: uidNumber
[11:39:54] INFO [org.apache.directory.api.ldap.model.entry.AbstractValue] - ERR_04447_CANNOT_NORMALIZE_VALUE Cannot normalize the wrapped value ERR_04226 I do not know how to handle NameAndOptionalUID normalization with objects of class: gidNumber
[11:39:54] INFO [org.apache.directory.api.ldap.model.entry.AbstractValue] - ERR_04447_CANNOT_NORMALIZE_VALUE Cannot normalize the wrapped value ERR_04226 I do not know how to handle NameAndOptionalUID normalization with objects of class: uidNumber
[11:39:54] INFO [org.apache.directory.api.ldap.model.entry.AbstractValue] - ERR_04447_CANNOT_NORMALIZE_VALUE Cannot normalize the wrapped value ERR_04226 I do not know how to handle NameAndOptionalUID normalization with objects of class: sambaSID
[11:39:54] INFO [org.apache.directory.api.ldap.model.entry.AbstractValue] - ERR_04447_CANNOT_NORMALIZE_VALUE Cannot normalize the wrapped value ERR_04226 I do not know how to handle NameAndOptionalUID normalization with objects of class: sambaSID
[11:39:54] INFO [org.apache.directory.server.core.api.CacheService] - fetching the cache named alias
[11:39:54] INFO [org.apache.directory.server.core.api.CacheService] - fetching the cache named piar
[11:39:54] INFO [org.apache.directory.server.core.api.CacheService] - fetching the cache named entryDn
[11:39:54] INFO [org.apache.directory.server.core.api.CacheService] - fetching the cache named system
[11:39:54] INFO [org.apache.directory.server.core.api.CacheService] - No cache with name system exists, creating one
[11:39:55] INFO [org.apache.directory.server.core.api.CacheService] - fetching the cache named groupCache
[11:39:55] INFO [org.apache.directory.server.core.event.EventInterceptor] - Initializing ...
[11:39:55] INFO [org.apache.directory.server.core.event.EventInterceptor] - Initialization complete.
[11:39:55] WARN [org.apache.directory.server.core.DefaultDirectoryService] - You didn't change the admin password of directory service instance 'null'.  Please update the admin password as soon as possible to prevent a possible security breach.
[11:39:55] INFO [org.apache.directory.api.ldap.model.ldif.LdifReader] - No version information : assuming version: 1
[11:39:55] INFO [org.apache.directory.api.ldap.schema.manager.impl.DefaultSchemaManager] - Loading microsoft enabled schema: 
	Schema Name: microsoft
		Disabled: false
		Owner: 0.9.2342.19200300.100.1.1=admin,2.5.4.11=system
		Dependencies: []
		SchemaLoader : 
[11:39:55] INFO [org.apache.directory.api.ldap.schema.manager.impl.DefaultSchemaManager] - Loading microsoft enabled schema: 
	Schema Name: microsoft
		Disabled: false
		Owner: 0.9.2342.19200300.100.1.1=admin,2.5.4.11=system
		Dependencies: []
		SchemaLoader : 
[11:39:55] INFO [org.apache.directory.server.protocol.shared.store.LdifFileLoader] - Created cn=microsoft, ou=schema.
[11:39:55] INFO [org.apache.directory.server.protocol.shared.store.LdifFileLoader] - Created ou=attributetypes, cn=microsoft, ou=schema.
[11:39:55] INFO [org.apache.directory.server.protocol.shared.store.LdifFileLoader] - Created m-oid=1.2.840.113556.1.4.221, ou=attributetypes, cn=microsoft, ou=schema.
[11:39:55] INFO [org.apache.directory.server.protocol.shared.store.LdifFileLoader] - Created m-oid=1.2.840.113556.1.4.222, ou=attributetypes, cn=microsoft, ou=schema.
[11:39:55] INFO [org.apache.directory.server.protocol.shared.store.LdifFileLoader] - Created ou=objectclasses, cn=microsoft, ou=schema.
[11:39:55] INFO [org.apache.directory.server.protocol.shared.store.LdifFileLoader] - Created m-oid=1.2.840.113556.1.5.6, ou=objectclasses, cn=microsoft, ou=schema.
[11:39:55] INFO [org.apache.directory.server.protocol.shared.store.LdifFileLoader] - Found ou=attributetypes, cn=microsoft, ou=schema, will not create.
[11:39:55] INFO [org.apache.directory.server.protocol.shared.store.LdifFileLoader] - Found ou=objectclasses, cn=microsoft, ou=schema, will not create.
[11:39:55] INFO [org.apache.directory.server.protocol.shared.store.LdifFileLoader] - Created m-oid=1.2.840.113556.1.5.9, ou=objectclasses, cn=microsoft, ou=schema.
[11:39:55] INFO [com.krish.ead.server.EmbeddedADSVerM23] - Krish schema has been loaded with count 7
[11:39:55] INFO [org.apache.directory.server.core.api.CacheService] - fetching the cache named alias
[11:39:55] INFO [org.apache.directory.server.core.api.CacheService] - fetching the cache named piar
[11:39:55] INFO [org.apache.directory.server.core.api.CacheService] - fetching the cache named entryDn
[11:39:55] INFO [org.apache.directory.server.core.api.CacheService] - fetching the cache named jpmis
[11:39:55] INFO [org.apache.directory.server.core.api.CacheService] - No cache with name jpmis exists, creating one
[11:39:55] WARN [org.apache.directory.server.core.normalization.NormalizationInterceptor] - The Rdn 'dc=jpmis' is not present in the entry
[11:39:55] INFO [org.apache.directory.server.KERBEROS_LOG] - KeyDerivation Interceptor initialized
[11:39:55] WARN [org.apache.directory.server.core.normalization.NormalizationInterceptor] - The Rdn 'cn=directoryManagerReadOnlyAccessACI' is not present in the entry
[11:39:55] INFO [com.krish.directory.service.EadSchemaService] - Creating user with Cn: krish
[11:39:55] INFO [com.krish.directory.service.EadSchemaService] - Created user in the EAD krish
[11:39:55] INFO [com.krish.directory.service.EadSchemaService] - Creating Group with : ND-POC-ENG
[11:39:55] INFO [com.krish.directory.service.EadSchemaService] - Adding user with Cn: krish to group ND-POC-ENG
[11:39:55] INFO [com.krish.directory.service.EadSchemaService] - Creating user with Cn: jim
[11:39:56] INFO [com.krish.directory.service.EadSchemaService] - Created user in the EAD jim
[11:39:56] INFO [com.krish.directory.service.EadSchemaService] - Adding user with Cn: jim to group ND-POC-ENG
[11:39:56] INFO [com.krish.directory.service.EadSchemaService] - Creating user with Cn: chris
[11:39:56] INFO [com.krish.directory.service.EadSchemaService] - Created user in the EAD chris
[11:39:56] INFO [com.krish.directory.service.EadSchemaService] - Adding user with Cn: chris to group ND-POC-ENG
[11:39:56] INFO [com.krish.ead.server.EmbeddedADSVerM23] - Starting the Kerberos server
[11:39:56] INFO [com.krish.ead.server.EmbeddedADSVerM23] - Creating user with Cn: krbtgt
[11:39:56] INFO [com.krish.ead.server.EmbeddedADSVerM23] - Starting the Kerberos server KDCServer[Keydap Kerberos Service], listening on :
    TcpTransport[<null:6088>], backlog=50, nbThreads = 3]

[11:39:56] INFO [org.apache.directory.server.core.api.CacheService] - fetching the cache named kdcReplayCache
[11:39:56] INFO [org.apache.directory.server.kerberos.kdc.KdcServer] - Kerberos service started.
[11:39:56] INFO [com.krish.ead.server.EmbeddedADSVerM23] - Kerberos server: started in 30 milliseconds
[11:39:56] INFO [com.krish.directory.service.EadSchemaService] - Creating user with Cn: krishdey
[11:39:56] INFO [com.krish.directory.service.EadSchemaService] - Created user in the EAD krishdey
[11:39:56] INFO [com.krish.directory.service.EadSchemaService] - Creating Group with : ND-POC-ENG1
[11:39:56] INFO [com.krish.directory.service.EadSchemaService] - Adding user with Cn: krishdey to group ND-POC-ENG1
[11:39:56] INFO [com.krish.ead.server.EADServer] - Stopping the service.
[11:39:56] INFO [org.apache.directory.server.core.api.CacheService] - clearing all the caches
[11:39:56] INFO [org.apache.directory.server.kerberos.kdc.KdcServer] - Kerberos service stopped.
[11:39:56] INFO [com.krish.ead.server.EADServer] - Service stopped successfully.
